# JRE version: OpenJDK Runtime Environment (17.0.7) (build 17.0.7+0-b2043.56-10550314)
# Java VM: OpenJDK 64-Bit Server VM (17.0.7+0-b2043.56-10550314, mixed mode, tiered, compressed oops, compressed class ptrs, g1 gc, windows-amd64)
GC Precious Log:
 CPUs: 4 total, 4 available
 Memory: 3933M
 Large Page Support: Disabled
 NUMA Support: Disabled
 Compressed Oops: Enabled (32-bit)
 Heap Region Size: 1M
 Heap Min Capacity: 8M
 Heap Initial Capacity: 62M
 Heap Max Capacity: 2G
 Pre-touch: Disabled
 Parallel Workers: 4
 Concurrent Workers: 1
 Concurrent Refinement Workers: 4
 Periodic GC: Disabled
Heap:
 garbage-first heap   total 466944K, used 240546K [0x0000000080000000, 0x0000000100000000)
  region size 1024K, 8 young (8192K), 8 survivors (8192K)
 Metaspace       used 201027K, committed 202048K, reserved 1245184K
  class space    used 26360K, committed 26816K, reserved 1048576K
GC Heap History (20 events):
Event: 4436.983 GC heap after
{Heap after GC invocations=107 (full 0):
 garbage-first heap   total 466944K, used 149719K [0x0000000080000000, 0x0000000100000000)
  region size 1024K, 2 young (2048K), 2 survivors (2048K)
 Metaspace       used 149609K, committed 150528K, reserved 1179648K
  class space    used 20560K, committed 20992K, reserved 1048576K
}
Event: 4439.592 GC heap before
{Heap before GC invocations=107 (full 0):
 garbage-first heap   total 466944K, used 180439K [0x0000000080000000, 0x0000000100000000)
  region size 1024K, 33 young (33792K), 2 survivors (2048K)
 Metaspace       used 154227K, committed 155264K, reserved 1245184K
  class space    used 21160K, committed 21632K, reserved 1048576K
}
Event: 4439.620 GC heap after
{Heap after GC invocations=108 (full 0):
 garbage-first heap   total 466944K, used 150785K [0x0000000080000000, 0x0000000100000000)
  region size 1024K, 3 young (3072K), 3 survivors (3072K)
 Metaspace       used 154227K, committed 155264K, reserved 1245184K
  class space    used 21160K, committed 21632K, reserved 1048576K
}
Event: 4456.129 GC heap before
{Heap before GC invocations=109 (full 0):
 garbage-first heap   total 466944K, used 408833K [0x0000000080000000, 0x0000000100000000)
  region size 1024K, 240 young (245760K), 3 survivors (3072K)
 Metaspace       used 172665K, committed 173632K, reserved 1245184K
  class space    used 23217K, committed 23680K, reserved 1048576K
}
Event: 4456.259 GC heap after
{Heap after GC invocations=110 (full 0):
 garbage-first heap   total 466944K, used 186368K [0x0000000080000000, 0x0000000100000000)
  region size 1024K, 30 young (30720K), 30 survivors (30720K)
 Metaspace       used 172665K, committed 173632K, reserved 1245184K
  class space    used 23217K, committed 23680K, reserved 1048576K
}
Event: 4456.263 GC heap before
{Heap before GC invocations=110 (full 0):
 garbage-first heap   total 466944K, used 187392K [0x0000000080000000, 0x0000000100000000)
  region size 1024K, 31 young (31744K), 30 survivors (30720K)
 Metaspace       used 172665K, committed 173632K, reserved 1245184K
  class space    used 23217K, committed 23680K, reserved 1048576K
}
Event: 4456.447 GC heap after
{Heap after GC invocations=111 (full 0):
 garbage-first heap   total 466944K, used 181355K [0x0000000080000000, 0x0000000100000000)
  region size 1024K, 2 young (2048K), 2 survivors (2048K)
 Metaspace       used 172665K, committed 173632K, reserved 1245184K
  class space    used 23217K, committed 23680K, reserved 1048576K
}
Event: 4465.253 GC heap before
{Heap before GC invocations=111 (full 0):
 garbage-first heap   total 466944K, used 383083K [0x0000000080000000, 0x0000000100000000)
  region size 1024K, 199 young (203776K), 2 survivors (2048K)
 Metaspace       used 189453K, committed 190400K, reserved 1245184K
  class space    used 25009K, committed 25472K, reserved 1048576K
}
Event: 4465.273 GC heap after
{Heap after GC invocations=112 (full 0):
 garbage-first heap   total 466944K, used 193643K [0x0000000080000000, 0x0000000100000000)
  region size 1024K, 14 young (14336K), 14 survivors (14336K)
 Metaspace       used 189453K, committed 190400K, reserved 1245184K
  class space    used 25009K, committed 25472K, reserved 1048576K
}
Event: 4473.430 GC heap before
{Heap before GC invocations=113 (full 0):
 garbage-first heap   total 466944K, used 385131K [0x0000000080000000, 0x0000000100000000)
  region size 1024K, 177 young (181248K), 14 survivors (14336K)
 Metaspace       used 200168K, committed 201152K, reserved 1245184K
  class space    used 26253K, committed 26688K, reserved 1048576K
}
Event: 4473.496 GC heap after
{Heap after GC invocations=114 (full 0):
 garbage-first heap   total 466944K, used 236359K [0x0000000080000000, 0x0000000100000000)
  region size 1024K, 23 young (23552K), 23 survivors (23552K)
 Metaspace       used 200168K, committed 201152K, reserved 1245184K
  class space    used 26253K, committed 26688K, reserved 1048576K
}
Event: 4473.502 GC heap before
{Heap before GC invocations=114 (full 0):
 garbage-first heap   total 466944K, used 237383K [0x0000000080000000, 0x0000000100000000)
  region size 1024K, 24 young (24576K), 23 survivors (23552K)
 Metaspace       used 200168K, committed 201152K, reserved 1245184K
  class space    used 26253K, committed 26688K, reserved 1048576K
}
Event: 4473.548 GC heap after
{Heap after GC invocations=115 (full 0):
 garbage-first heap   total 466944K, used 234112K [0x0000000080000000, 0x0000000100000000)
  region size 1024K, 2 young (2048K), 2 survivors (2048K)
 Metaspace       used 200168K, committed 201152K, reserved 1245184K
  class space    used 26253K, committed 26688K, reserved 1048576K
}
Event: 4487.291 GC heap before
{Heap before GC invocations=115 (full 0):
 garbage-first heap   total 466944K, used 374400K [0x0000000080000000, 0x0000000100000000)
  region size 1024K, 140 young (143360K), 2 survivors (2048K)
 Metaspace       used 200171K, committed 201152K, reserved 1245184K
  class space    used 26253K, committed 26688K, reserved 1048576K
}
Event: 4487.305 GC heap after
{Heap after GC invocations=116 (full 0):
 garbage-first heap   total 466944K, used 239477K [0x0000000080000000, 0x0000000100000000)
  region size 1024K, 8 young (8192K), 8 survivors (8192K)
 Metaspace       used 200171K, committed 201152K, reserved 1245184K
  class space    used 26253K, committed 26688K, reserved 1048576K
}
Event: 4511.931 GC heap before
{Heap before GC invocations=117 (full 0):
 garbage-first heap   total 466944K, used 373621K [0x0000000080000000, 0x0000000100000000)
  region size 1024K, 145 young (148480K), 8 survivors (8192K)
 Metaspace       used 200171K, committed 201152K, reserved 1245184K
  class space    used 26253K, committed 26688K, reserved 1048576K
}
Event: 4512.010 GC heap after
{Heap after GC invocations=118 (full 0):
 garbage-first heap   total 466944K, used 240256K [0x0000000080000000, 0x0000000100000000)
  region size 1024K, 14 young (14336K), 14 survivors (14336K)
 Metaspace       used 200171K, committed 201152K, reserved 1245184K
  class space    used 26253K, committed 26688K, reserved 1048576K
}
Event: 4512.654 GC heap before
{Heap before GC invocations=118 (full 0):
 garbage-first heap   total 466944K, used 266880K [0x0000000080000000, 0x0000000100000000)
  region size 1024K, 22 young (22528K), 14 survivors (14336K)
 Metaspace       used 200171K, committed 201152K, reserved 1245184K
  class space    used 26253K, committed 26688K, reserved 1048576K
}
Event: 4512.759 GC heap after
{Heap after GC invocations=119 (full 0):
 garbage-first heap   total 466944K, used 248073K [0x0000000080000000, 0x0000000100000000)
  region size 1024K, 3 young (3072K), 3 survivors (3072K)
 Metaspace       used 200171K, committed 201152K, reserved 1245184K
  class space    used 26253K, committed 26688K, reserved 1048576K
}
Event: 4517.736 GC heap before
{Heap before GC invocations=119 (full 0):
 garbage-first heap   total 466944K, used 268553K [0x0000000080000000, 0x0000000100000000)
  region size 1024K, 25 young (25600K), 3 survivors (3072K)
 Metaspace       used 201027K, committed 202048K, reserved 1245184K
  class space    used 26360K, committed 26816K, reserved 1048576K
}

