# JRE version: OpenJDK Runtime Environment (17.0.7) (build 17.0.7+0-b2043.56-10550314)
# Java VM: OpenJDK 64-Bit Server VM (17.0.7+0-b2043.56-10550314, mixed mode, tiered, compressed oops, compressed class ptrs, g1 gc, windows-amd64)
GC Precious Log:
 CPUs: 4 total, 4 available
 Memory: 3933M
 Large Page Support: Disabled
 NUMA Support: Disabled
 Compressed Oops: Enabled (32-bit)
 Heap Region Size: 1M
 Heap Min Capacity: 8M
 Heap Initial Capacity: 62M
 Heap Max Capacity: 2G
 Pre-touch: Disabled
 Parallel Workers: 4
 Concurrent Workers: 1
 Concurrent Refinement Workers: 4
 Periodic GC: Disabled
Heap:
 garbage-first heap   total 542720K, used 336896K [0x0000000080000000, 0x0000000100000000)
  region size 1024K, 19 young (19456K), 19 survivors (19456K)
 Metaspace       used 153145K, committed 154240K, reserved 1245184K
  class space    used 20516K, committed 21056K, reserved 1048576K
GC Heap History (20 events):
Event: 124.135 GC heap after
{Heap after GC invocations=73 (full 0):
 garbage-first heap   total 471040K, used 233287K [0x0000000080000000, 0x0000000100000000)
  region size 1024K, 2 young (2048K), 2 survivors (2048K)
 Metaspace       used 123421K, committed 124480K, reserved 1179648K
  class space    used 16583K, committed 17088K, reserved 1048576K
}
Event: 125.686 GC heap before
{Heap before GC invocations=73 (full 0):
 garbage-first heap   total 471040K, used 253767K [0x0000000080000000, 0x0000000100000000)
  region size 1024K, 23 young (23552K), 2 survivors (2048K)
 Metaspace       used 124288K, committed 125376K, reserved 1179648K
  class space    used 16680K, committed 17216K, reserved 1048576K
}
Event: 125.741 GC heap after
{Heap after GC invocations=74 (full 0):
 garbage-first heap   total 471040K, used 230333K [0x0000000080000000, 0x0000000100000000)
  region size 1024K, 2 young (2048K), 2 survivors (2048K)
 Metaspace       used 124288K, committed 125376K, reserved 1179648K
  class space    used 16680K, committed 17216K, reserved 1048576K
}
Event: 131.126 GC heap before
{Heap before GC invocations=74 (full 0):
 garbage-first heap   total 471040K, used 356285K [0x0000000080000000, 0x0000000100000000)
  region size 1024K, 126 young (129024K), 2 survivors (2048K)
 Metaspace       used 127483K, committed 128576K, reserved 1179648K
  class space    used 17065K, committed 17600K, reserved 1048576K
}
Event: 131.161 GC heap after
{Heap after GC invocations=75 (full 0):
 garbage-first heap   total 471040K, used 240727K [0x0000000080000000, 0x0000000100000000)
  region size 1024K, 13 young (13312K), 13 survivors (13312K)
 Metaspace       used 127483K, committed 128576K, reserved 1179648K
  class space    used 17065K, committed 17600K, reserved 1048576K
}
Event: 132.763 GC heap before
{Heap before GC invocations=75 (full 0):
 garbage-first heap   total 471040K, used 323671K [0x0000000080000000, 0x0000000100000000)
  region size 1024K, 96 young (98304K), 13 survivors (13312K)
 Metaspace       used 129784K, committed 130880K, reserved 1179648K
  class space    used 17405K, committed 17920K, reserved 1048576K
}
Event: 132.866 GC heap after
{Heap after GC invocations=76 (full 0):
 garbage-first heap   total 471040K, used 248725K [0x0000000080000000, 0x0000000100000000)
  region size 1024K, 8 young (8192K), 8 survivors (8192K)
 Metaspace       used 129784K, committed 130880K, reserved 1179648K
  class space    used 17405K, committed 17920K, reserved 1048576K
}
Event: 137.225 GC heap before
{Heap before GC invocations=77 (full 0):
 garbage-first heap   total 471040K, used 372629K [0x0000000080000000, 0x0000000100000000)
  region size 1024K, 129 young (132096K), 8 survivors (8192K)
 Metaspace       used 140650K, committed 141696K, reserved 1179648K
  class space    used 18960K, committed 19456K, reserved 1048576K
}
Event: 137.242 GC heap after
{Heap after GC invocations=78 (full 0):
 garbage-first heap   total 471040K, used 248808K [0x0000000080000000, 0x0000000100000000)
  region size 1024K, 9 young (9216K), 9 survivors (9216K)
 Metaspace       used 140650K, committed 141696K, reserved 1179648K
  class space    used 18960K, committed 19456K, reserved 1048576K
}
Event: 137.362 GC heap before
{Heap before GC invocations=78 (full 0):
 garbage-first heap   total 471040K, used 263144K [0x0000000080000000, 0x0000000100000000)
  region size 1024K, 23 young (23552K), 9 survivors (9216K)
 Metaspace       used 140787K, committed 141824K, reserved 1179648K
  class space    used 18966K, committed 19456K, reserved 1048576K
}
Event: 137.385 GC heap after
{Heap after GC invocations=79 (full 0):
 garbage-first heap   total 471040K, used 242225K [0x0000000080000000, 0x0000000100000000)
  region size 1024K, 3 young (3072K), 3 survivors (3072K)
 Metaspace       used 140787K, committed 141824K, reserved 1179648K
  class space    used 18966K, committed 19456K, reserved 1048576K
}
Event: 138.962 GC heap before
{Heap before GC invocations=79 (full 0):
 garbage-first heap   total 471040K, used 375345K [0x0000000080000000, 0x0000000100000000)
  region size 1024K, 134 young (137216K), 3 survivors (3072K)
 Metaspace       used 141833K, committed 142976K, reserved 1179648K
  class space    used 19058K, committed 19584K, reserved 1048576K
}
Event: 138.973 GC heap after
{Heap after GC invocations=80 (full 0):
 garbage-first heap   total 471040K, used 243872K [0x0000000080000000, 0x0000000100000000)
  region size 1024K, 5 young (5120K), 5 survivors (5120K)
 Metaspace       used 141833K, committed 142976K, reserved 1179648K
  class space    used 19058K, committed 19584K, reserved 1048576K
}
Event: 141.020 GC heap before
{Heap before GC invocations=80 (full 0):
 garbage-first heap   total 471040K, used 299168K [0x0000000080000000, 0x0000000100000000)
  region size 1024K, 60 young (61440K), 5 survivors (5120K)
 Metaspace       used 143876K, committed 145024K, reserved 1179648K
  class space    used 19339K, committed 19904K, reserved 1048576K
}
Event: 141.036 GC heap after
{Heap after GC invocations=81 (full 0):
 garbage-first heap   total 471040K, used 244093K [0x0000000080000000, 0x0000000100000000)
  region size 1024K, 5 young (5120K), 5 survivors (5120K)
 Metaspace       used 143876K, committed 145024K, reserved 1179648K
  class space    used 19339K, committed 19904K, reserved 1048576K
}
Event: 144.313 GC heap before
{Heap before GC invocations=82 (full 0):
 garbage-first heap   total 542720K, used 411005K [0x0000000080000000, 0x0000000100000000)
  region size 1024K, 142 young (145408K), 5 survivors (5120K)
 Metaspace       used 147508K, committed 148672K, reserved 1179648K
  class space    used 19836K, committed 20416K, reserved 1048576K
}
Event: 144.433 GC heap after
{Heap after GC invocations=83 (full 0):
 garbage-first heap   total 542720K, used 288908K [0x0000000080000000, 0x0000000100000000)
  region size 1024K, 18 young (18432K), 18 survivors (18432K)
 Metaspace       used 147508K, committed 148672K, reserved 1179648K
  class space    used 19836K, committed 20416K, reserved 1048576K
}
Event: 144.529 GC heap before
{Heap before GC invocations=83 (full 0):
 garbage-first heap   total 542720K, used 297100K [0x0000000080000000, 0x0000000100000000)
  region size 1024K, 26 young (26624K), 18 survivors (18432K)
 Metaspace       used 147594K, committed 148736K, reserved 1179648K
  class space    used 19841K, committed 20416K, reserved 1048576K
}
Event: 144.586 GC heap after
{Heap after GC invocations=84 (full 0):
 garbage-first heap   total 542720K, used 286374K [0x0000000080000000, 0x0000000100000000)
  region size 1024K, 4 young (4096K), 4 survivors (4096K)
 Metaspace       used 147594K, committed 148736K, reserved 1179648K
  class space    used 19841K, committed 20416K, reserved 1048576K
}
Event: 145.748 GC heap before
{Heap before GC invocations=84 (full 0):
 garbage-first heap   total 542720K, used 430758K [0x0000000080000000, 0x0000000100000000)
  region size 1024K, 146 young (149504K), 4 survivors (4096K)
 Metaspace       used 153145K, committed 154240K, reserved 1245184K
  class space    used 20516K, committed 21056K, reserved 1048576K
}

